{
  "stats": {
    "suites": 2,
    "tests": 10,
    "passes": 10,
    "pending": 0,
    "failures": 0,
    "start": "2022-05-17T08:05:41.303Z",
    "end": "2022-05-17T08:05:41.411Z",
    "duration": 108,
    "testsRegistered": 10,
    "passPercent": 100,
    "pendingPercent": 0,
    "other": 0,
    "hasOther": false,
    "skipped": 0,
    "hasSkipped": false
  },
  "results": [
    {
      "uuid": "9001c54b-c034-4404-a738-728dcf06c794",
      "title": "",
      "fullFile": "",
      "file": "",
      "beforeHooks": [],
      "afterHooks": [],
      "tests": [],
      "suites": [
        {
          "uuid": "ac05a5c5-7875-482c-a618-5b463930d134",
          "title": "factorialShort",
          "fullFile": "C:\\new\\Jenkins\\test\\specs\\factorialShort.spec.js",
          "file": "\\test\\specs\\factorialShort.spec.js",
          "beforeHooks": [
            {
              "title": "\"before each\" hook in \"factorialShort\"",
              "fullTitle": "factorialShort \"before each\" hook in \"factorialShort\"",
              "timedOut": false,
              "duration": 0,
              "state": null,
              "speed": null,
              "pass": false,
              "fail": false,
              "pending": false,
              "context": null,
              "code": "factorial = new Factorial();\nspy = chai.spy.on(factorial, 'factorialShort');",
              "err": {},
              "uuid": "fd85b883-fcc7-44a6-9ae5-1d81660c11dc",
              "parentUUID": "ac05a5c5-7875-482c-a618-5b463930d134",
              "isHook": true,
              "skipped": false
            }
          ],
          "afterHooks": [
            {
              "title": "\"after each\" hook in \"factorialShort\"",
              "fullTitle": "factorialShort \"after each\" hook in \"factorialShort\"",
              "timedOut": false,
              "duration": 0,
              "state": null,
              "speed": null,
              "pass": false,
              "fail": false,
              "pending": false,
              "context": null,
              "code": "factorial = null;",
              "err": {},
              "uuid": "f14e9d5d-e7f3-4dd9-9707-4d83d7820d9d",
              "parentUUID": "ac05a5c5-7875-482c-a618-5b463930d134",
              "isHook": true,
              "skipped": false
            }
          ],
          "tests": [
            {
              "title": "should return 6 when called with number 3",
              "fullTitle": "factorialShort should return 6 when called with number 3",
              "timedOut": false,
              "duration": 1,
              "state": "passed",
              "speed": "fast",
              "pass": true,
              "fail": false,
              "pending": false,
              "context": null,
              "code": "expect(factorial.factorialShort(3)).to.be.equal(6);",
              "err": {},
              "uuid": "27a6701d-b2bf-45a0-a93b-010be18f3c6d",
              "parentUUID": "ac05a5c5-7875-482c-a618-5b463930d134",
              "isHook": false,
              "skipped": false
            },
            {
              "title": "should return 362880 when called with number 9",
              "fullTitle": "factorialShort should return 362880 when called with number 9",
              "timedOut": false,
              "duration": 0,
              "state": "passed",
              "speed": "fast",
              "pass": true,
              "fail": false,
              "pending": false,
              "context": null,
              "code": "expect(factorial.factorialShort(9)).to.be.equal(362880);",
              "err": {},
              "uuid": "eb42a469-6403-4f48-8ff2-f493ec8b8a63",
              "parentUUID": "ac05a5c5-7875-482c-a618-5b463930d134",
              "isHook": false,
              "skipped": false
            },
            {
              "title": "should throw an error if provided with a negative number",
              "fullTitle": "factorialShort should throw an error if provided with a negative number",
              "timedOut": false,
              "duration": 1,
              "state": "passed",
              "speed": "fast",
              "pass": true,
              "fail": false,
              "pending": false,
              "context": null,
              "code": "let callWithError = () => factorial.factorialShort(-1);\nexpect(spy).to.be.a.spy;\nexpect(callWithError).to.throw(`Negative number!`);",
              "err": {},
              "uuid": "40dba815-de44-42b8-900c-8e47363cd4af",
              "parentUUID": "ac05a5c5-7875-482c-a618-5b463930d134",
              "isHook": false,
              "skipped": false
            },
            {
              "title": "should be called twice when provided with 2",
              "fullTitle": "factorialShort should be called twice when provided with 2",
              "timedOut": false,
              "duration": 0,
              "state": "passed",
              "speed": "fast",
              "pass": true,
              "fail": false,
              "pending": false,
              "context": null,
              "code": "factorial.factorialShort(2);\nexpect(spy).to.have.been.called(2);",
              "err": {},
              "uuid": "3de84305-ebbc-4030-a7ec-9b2efea03f8c",
              "parentUUID": "ac05a5c5-7875-482c-a618-5b463930d134",
              "isHook": false,
              "skipped": false
            },
            {
              "title": "should return 1 when provided 1",
              "fullTitle": "factorialShort should return 1 when provided 1",
              "timedOut": false,
              "duration": 0,
              "state": "passed",
              "speed": "fast",
              "pass": true,
              "fail": false,
              "pending": false,
              "context": null,
              "code": "expect(factorial.factorialShort(1)).to.be.equal(1);",
              "err": {},
              "uuid": "b17a34f4-dafc-4469-83e8-d637eb23ca5c",
              "parentUUID": "ac05a5c5-7875-482c-a618-5b463930d134",
              "isHook": false,
              "skipped": false
            }
          ],
          "suites": [],
          "passes": [
            "27a6701d-b2bf-45a0-a93b-010be18f3c6d",
            "eb42a469-6403-4f48-8ff2-f493ec8b8a63",
            "40dba815-de44-42b8-900c-8e47363cd4af",
            "3de84305-ebbc-4030-a7ec-9b2efea03f8c",
            "b17a34f4-dafc-4469-83e8-d637eb23ca5c"
          ],
          "failures": [],
          "pending": [],
          "skipped": [],
          "duration": 2,
          "root": false,
          "rootEmpty": false,
          "_timeout": 5000
        },
        {
          "uuid": "274dd376-8fee-42b8-8e7e-d9eebad62d44",
          "title": "factorialSimple",
          "fullFile": "C:\\new\\Jenkins\\test\\specs\\factorialSimple.spec.js",
          "file": "\\test\\specs\\factorialSimple.spec.js",
          "beforeHooks": [
            {
              "title": "\"before each\" hook in \"factorialSimple\"",
              "fullTitle": "factorialSimple \"before each\" hook in \"factorialSimple\"",
              "timedOut": false,
              "duration": 0,
              "state": null,
              "speed": null,
              "pass": false,
              "fail": false,
              "pending": false,
              "context": null,
              "code": "factorial = new Factorial();\nspy = chai.spy.on(factorial, 'factorialSimple');",
              "err": {},
              "uuid": "55349c1c-b968-401f-a7c2-cb8f3561049f",
              "parentUUID": "274dd376-8fee-42b8-8e7e-d9eebad62d44",
              "isHook": true,
              "skipped": false
            }
          ],
          "afterHooks": [
            {
              "title": "\"after each\" hook in \"factorialSimple\"",
              "fullTitle": "factorialSimple \"after each\" hook in \"factorialSimple\"",
              "timedOut": false,
              "duration": 0,
              "state": null,
              "speed": null,
              "pass": false,
              "fail": false,
              "pending": false,
              "context": null,
              "code": "factorial = null;",
              "err": {},
              "uuid": "78cfa7e9-7fdb-48e2-af93-753490e05db8",
              "parentUUID": "274dd376-8fee-42b8-8e7e-d9eebad62d44",
              "isHook": true,
              "skipped": false
            }
          ],
          "tests": [
            {
              "title": "should return 6 when called with number 3",
              "fullTitle": "factorialSimple should return 6 when called with number 3",
              "timedOut": false,
              "duration": 0,
              "state": "passed",
              "speed": "fast",
              "pass": true,
              "fail": false,
              "pending": false,
              "context": null,
              "code": "expect(factorial.factorialSimple(3)).to.be.equal(6);",
              "err": {},
              "uuid": "7480139c-2b6f-44b7-a921-8b63a74bf01b",
              "parentUUID": "274dd376-8fee-42b8-8e7e-d9eebad62d44",
              "isHook": false,
              "skipped": false
            },
            {
              "title": "should return 362880 when called with number 9",
              "fullTitle": "factorialSimple should return 362880 when called with number 9",
              "timedOut": false,
              "duration": 1,
              "state": "passed",
              "speed": "fast",
              "pass": true,
              "fail": false,
              "pending": false,
              "context": null,
              "code": "expect(factorial.factorialSimple(9)).to.be.equal(362880);",
              "err": {},
              "uuid": "cb4df79f-a0e4-4486-a073-84db050cd0b4",
              "parentUUID": "274dd376-8fee-42b8-8e7e-d9eebad62d44",
              "isHook": false,
              "skipped": false
            },
            {
              "title": "should throw an error if provided with a negative number",
              "fullTitle": "factorialSimple should throw an error if provided with a negative number",
              "timedOut": false,
              "duration": 1,
              "state": "passed",
              "speed": "fast",
              "pass": true,
              "fail": false,
              "pending": false,
              "context": null,
              "code": "let callWithError = () => factorial.factorialSimple(-1);\nexpect(spy).to.be.a.spy;\nexpect(callWithError).to.throw(`Negative number!`);",
              "err": {},
              "uuid": "783210b1-5b7f-4779-b618-c29eba43463a",
              "parentUUID": "274dd376-8fee-42b8-8e7e-d9eebad62d44",
              "isHook": false,
              "skipped": false
            },
            {
              "title": "should be called twice when provided with 2",
              "fullTitle": "factorialSimple should be called twice when provided with 2",
              "timedOut": false,
              "duration": 0,
              "state": "passed",
              "speed": "fast",
              "pass": true,
              "fail": false,
              "pending": false,
              "context": null,
              "code": "factorial.factorialSimple(2);\nexpect(spy).to.have.been.called(1);",
              "err": {},
              "uuid": "fef40e92-d154-44b3-af31-27b0cff232a3",
              "parentUUID": "274dd376-8fee-42b8-8e7e-d9eebad62d44",
              "isHook": false,
              "skipped": false
            },
            {
              "title": "should return 1 when provided 1",
              "fullTitle": "factorialSimple should return 1 when provided 1",
              "timedOut": false,
              "duration": 0,
              "state": "passed",
              "speed": "fast",
              "pass": true,
              "fail": false,
              "pending": false,
              "context": null,
              "code": "expect(factorial.factorialSimple(1)).to.be.equal(1);",
              "err": {},
              "uuid": "f9057b67-1c9c-4715-bee5-6ca37c438e8f",
              "parentUUID": "274dd376-8fee-42b8-8e7e-d9eebad62d44",
              "isHook": false,
              "skipped": false
            }
          ],
          "suites": [],
          "passes": [
            "7480139c-2b6f-44b7-a921-8b63a74bf01b",
            "cb4df79f-a0e4-4486-a073-84db050cd0b4",
            "783210b1-5b7f-4779-b618-c29eba43463a",
            "fef40e92-d154-44b3-af31-27b0cff232a3",
            "f9057b67-1c9c-4715-bee5-6ca37c438e8f"
          ],
          "failures": [],
          "pending": [],
          "skipped": [],
          "duration": 2,
          "root": false,
          "rootEmpty": false,
          "_timeout": 5000
        }
      ],
      "passes": [],
      "failures": [],
      "pending": [],
      "skipped": [],
      "duration": 0,
      "root": true,
      "rootEmpty": true,
      "_timeout": 5000
    }
  ],
  "meta": {
    "mocha": {
      "version": "9.2.1"
    },
    "mochawesome": {
      "options": {
        "quiet": false,
        "reportFilename": "mochawesome",
        "saveHtml": true,
        "saveJson": true,
        "consoleReporter": "spec",
        "useInlineDiffs": false,
        "code": true
      },
      "version": "7.1.2"
    },
    "marge": {
      "options": null,
      "version": "6.1.1"
    }
  }
}